<?xml version="1.0" encoding="utf-8"?><testsuites name="pytest tests"><testsuite name="pytest" errors="0" failures="0" skipped="0" tests="35" time="9.277" timestamp="2026-02-27T01:36:45.544620+00:00" hostname="agent-env-cf9e6b54-ce92-4ce5-980a-3ea9414d4909"><testcase classname="backend.tests.test_admin_dashboard.TestAdminLogin" name="test_admin_login_success" time="0.525" /><testcase classname="backend.tests.test_admin_dashboard.TestAdminLogin" name="test_admin_login_invalid_password" time="0.384" /><testcase classname="backend.tests.test_admin_dashboard.TestAdminDashboard" name="test_admin_stats" time="0.518" /><testcase classname="backend.tests.test_admin_dashboard.TestAdminDashboard" name="test_admin_alerts" time="0.188" /><testcase classname="backend.tests.test_admin_dashboard.TestAdminEventsManagement" name="test_get_all_events" time="0.123" /><testcase classname="backend.tests.test_admin_dashboard.TestAdminEventsManagement" name="test_update_event_status_approved" time="0.236" /><testcase classname="backend.tests.test_admin_dashboard.TestAdminEventsManagement" name="test_update_event_status_blocked" time="0.374" /><testcase classname="backend.tests.test_admin_dashboard.TestAdminEventsManagement" name="test_toggle_event_featured" time="0.417" /><testcase classname="backend.tests.test_admin_dashboard.TestAdminEventsManagement" name="test_invalid_event_status" time="0.291" /><testcase classname="backend.tests.test_admin_dashboard.TestAdminUsersManagement" name="test_get_all_users" time="0.135" /><testcase classname="backend.tests.test_admin_dashboard.TestAdminUsersManagement" name="test_get_users_filter_organizers" time="0.129" /><testcase classname="backend.tests.test_admin_dashboard.TestAdminUsersManagement" name="test_get_users_filter_clients" time="0.128" /><testcase classname="backend.tests.test_admin_dashboard.TestAdminUsersManagement" name="test_get_user_detail" time="0.298" /><testcase classname="backend.tests.test_admin_dashboard.TestAdminUsersManagement" name="test_set_custom_commission" time="0.410" /><testcase classname="backend.tests.test_admin_dashboard.TestAdminUsersManagement" name="test_set_commission_invalid_user" time="0.277" /><testcase classname="backend.tests.test_admin_dashboard.TestAdminTransactions" name="test_get_transactions" time="0.147" /><testcase classname="backend.tests.test_admin_dashboard.TestAdminTransactions" name="test_get_transactions_filter_payment_method" time="0.167" /><testcase classname="backend.tests.test_admin_dashboard.TestAdminTransactions" name="test_get_transactions_filter_days" time="0.121" /><testcase classname="backend.tests.test_admin_dashboard.TestAdminPayouts" name="test_get_payouts" time="0.119" /><testcase classname="backend.tests.test_admin_dashboard.TestAdminPayouts" name="test_get_payouts_filter_pending" time="0.134" /><testcase classname="backend.tests.test_admin_dashboard.TestAdminPayouts" name="test_update_payout_status_completed" time="0.302" /><testcase classname="backend.tests.test_admin_dashboard.TestAdminPayouts" name="test_update_payout_status_rejected" time="0.243" /><testcase classname="backend.tests.test_admin_dashboard.TestAdminSettings" name="test_get_settings" time="0.129" /><testcase classname="backend.tests.test_admin_dashboard.TestAdminSettings" name="test_update_commission_rate" time="0.343" /><testcase classname="backend.tests.test_admin_dashboard.TestAdminSettings" name="test_update_min_withdrawal" time="0.272" /><testcase classname="backend.tests.test_admin_dashboard.TestAdminSettings" name="test_add_category" time="0.299" /><testcase classname="backend.tests.test_admin_dashboard.TestAdminSettings" name="test_delete_category" time="0.183" /><testcase classname="backend.tests.test_admin_dashboard.TestAdminSettings" name="test_update_banner" time="0.420" /><testcase classname="backend.tests.test_admin_dashboard.TestAdminTransport" name="test_get_transport_settings" time="0.113" /><testcase classname="backend.tests.test_admin_dashboard.TestAdminTransport" name="test_update_train_settings" time="0.274" /><testcase classname="backend.tests.test_admin_dashboard.TestAdminTransport" name="test_toggle_train_service" time="0.229" /><testcase classname="backend.tests.test_admin_dashboard.TestAdminTransport" name="test_update_ferry_settings" time="0.250" /><testcase classname="backend.tests.test_admin_dashboard.TestAdminTransport" name="test_toggle_ferry_service" time="0.243" /><testcase classname="backend.tests.test_admin_dashboard.TestAdminAuthorization" name="test_non_admin_access_denied" time="0.184" /><testcase classname="backend.tests.test_admin_dashboard.TestAdminAuthorization" name="test_organizer_cannot_access_admin" time="0.467" /></testsuite></testsuites>