<?xml version="1.0" encoding="utf-8"?><testsuites name="pytest tests"><testsuite name="pytest" errors="0" failures="0" skipped="2" tests="22" time="9.998" timestamp="2026-03-04T00:47:12.210971+00:00" hostname="agent-env-8d63746d-bc49-4e25-838b-850b8352a2f8"><testcase classname="backend.tests.test_staff_module.TestStaffLogin" name="test_staff_login_success" time="0.538" /><testcase classname="backend.tests.test_staff_module.TestStaffLogin" name="test_staff_login_invalid_username" time="0.136" /><testcase classname="backend.tests.test_staff_module.TestStaffLogin" name="test_staff_login_invalid_password" time="0.350" /><testcase classname="backend.tests.test_staff_module.TestStaffLogin" name="test_staff_login_missing_fields" time="0.127" /><testcase classname="backend.tests.test_staff_module.TestStaffMe" name="test_get_staff_me_success" time="0.454" /><testcase classname="backend.tests.test_staff_module.TestStaffMe" name="test_get_staff_me_unauthorized" time="0.114" /><testcase classname="backend.tests.test_staff_module.TestStaffMe" name="test_get_staff_me_invalid_token" time="0.119" /><testcase classname="backend.tests.test_staff_module.TestStaffEvents" name="test_get_staff_events_success" time="0.552" /><testcase classname="backend.tests.test_staff_module.TestStaffEvents" name="test_get_staff_events_unauthorized" time="0.138" /><testcase classname="backend.tests.test_staff_module.TestStaffScan" name="test_scan_invalid_qr_code" time="0.586" /><testcase classname="backend.tests.test_staff_module.TestStaffScan" name="test_scan_unauthorized_event" time="0.707" /><testcase classname="backend.tests.test_staff_module.TestStaffScan" name="test_scan_requires_authentication" time="0.130" /><testcase classname="backend.tests.test_staff_module.TestOrganizerStaffManagement" name="test_get_organizer_staff_list" time="0.475" /><testcase classname="backend.tests.test_staff_module.TestOrganizerStaffManagement" name="test_create_staff_account" time="0.999" /><testcase classname="backend.tests.test_staff_module.TestOrganizerStaffManagement" name="test_create_staff_duplicate_username" time="0.451" /><testcase classname="backend.tests.test_staff_module.TestOrganizerStaffManagement" name="test_update_staff_account" time="0.732" /><testcase classname="backend.tests.test_staff_module.TestOrganizerStaffManagement" name="test_toggle_staff_active_status" time="0.759" /><testcase classname="backend.tests.test_staff_module.TestOrganizerStaffManagement" name="test_reset_staff_password" time="0.839" /><testcase classname="backend.tests.test_staff_module.TestOrganizerStaffManagement" name="test_delete_staff_not_found" time="0.454" /><testcase classname="backend.tests.test_staff_module.TestOrganizerStaffManagement" name="test_staff_endpoints_require_organizer_auth" time="0.449" /><testcase classname="backend.tests.test_staff_module.TestStaffCannotAccessFinances" name="test_staff_cannot_access_organizer_stats" time="0.373"><skipped type="pytest.skip" message="Staff login failed">/app/backend/tests/test_staff_module.py:497: Staff login failed</skipped></testcase><testcase classname="backend.tests.test_staff_module.TestStaffCannotAccessFinances" name="test_staff_cannot_access_organizer_events" time="0.325"><skipped type="pytest.skip" message="Staff login failed">/app/backend/tests/test_staff_module.py:509: Staff login failed</skipped></testcase></testsuite></testsuites>