<?xml version="1.0" encoding="utf-8"?><testsuites name="pytest tests"><testsuite name="pytest" errors="0" failures="0" skipped="0" tests="20" time="3.134" timestamp="2026-04-05T21:22:12.838695+00:00" hostname="agent-env-a996cdfc-30af-404b-b34a-56baa963296f"><testcase classname="backend.tests.test_major_update_features.TestPhoneLogin" name="test_phone_login_new_user" time="0.238" /><testcase classname="backend.tests.test_major_update_features.TestPhoneLogin" name="test_phone_login_existing_user" time="0.260" /><testcase classname="backend.tests.test_major_update_features.TestPhoneLogin" name="test_phone_login_without_name" time="0.150" /><testcase classname="backend.tests.test_major_update_features.TestGuestSession" name="test_guest_session_new_user" time="0.100" /><testcase classname="backend.tests.test_major_update_features.TestGuestSession" name="test_guest_session_existing_user" time="0.219" /><testcase classname="backend.tests.test_major_update_features.TestGuestSession" name="test_guest_session_missing_fields" time="0.137" /><testcase classname="backend.tests.test_major_update_features.TestFerrySchedule" name="test_ferry_schedule_returns_weekly" time="0.115" /><testcase classname="backend.tests.test_major_update_features.TestFerrySchedule" name="test_ferry_price_is_1100" time="0.104" /><testcase classname="backend.tests.test_major_update_features.TestFerrySchedule" name="test_ferry_child_free_age" time="0.112" /><testcase classname="backend.tests.test_major_update_features.TestFerrySchedule" name="test_ferry_schedule_tuesday_tadjoura" time="0.103" /><testcase classname="backend.tests.test_major_update_features.TestFerrySchedule" name="test_ferry_schedule_thursday_multiple_routes" time="0.112" /><testcase classname="backend.tests.test_major_update_features.TestFerrySchedule" name="test_ferry_schedule_saturday_multiple_routes" time="0.099" /><testcase classname="backend.tests.test_major_update_features.TestFerryTrips" name="test_ferry_trips_tuesday" time="0.111" /><testcase classname="backend.tests.test_major_update_features.TestFerryTrips" name="test_ferry_trips_thursday" time="0.147" /><testcase classname="backend.tests.test_major_update_features.TestFerryTrips" name="test_ferry_trips_saturday" time="0.107" /><testcase classname="backend.tests.test_major_update_features.TestFerryTrips" name="test_ferry_trips_monday_no_service" time="0.123" /><testcase classname="backend.tests.test_major_update_features.TestFerryTrips" name="test_ferry_trips_invalid_date" time="0.107" /><testcase classname="backend.tests.test_major_update_features.TestFerryTrips" name="test_ferry_trips_capacity_info" time="0.102" /><testcase classname="backend.tests.test_major_update_features.TestAdminLogin" name="test_admin_login" time="0.378" /><testcase classname="backend.tests.test_major_update_features.TestVehicleTypes" name="test_get_vehicle_types" time="0.170" /></testsuite></testsuites>