<?xml version="1.0" encoding="utf-8"?><testsuites name="pytest tests"><testsuite name="pytest" errors="0" failures="0" skipped="0" tests="8" time="4.690" timestamp="2026-03-04T00:15:31.001032+00:00" hostname="agent-env-8d63746d-bc49-4e25-838b-850b8352a2f8"><testcase classname="backend.tests.test_ferry_schedule.TestFerrySchedule" name="test_get_ferry_schedule_success" time="0.592" /><testcase classname="backend.tests.test_ferry_schedule.TestFerrySchedule" name="test_get_ferry_schedule_structure" time="0.419" /><testcase classname="backend.tests.test_ferry_schedule.TestFerrySchedule" name="test_get_ferry_schedule_unauthorized" time="0.530" /><testcase classname="backend.tests.test_ferry_schedule.TestFerrySchedule" name="test_update_ferry_schedule_toggle_day" time="0.747" /><testcase classname="backend.tests.test_ferry_schedule.TestFerrySchedule" name="test_update_ferry_schedule_change_destination" time="0.573" /><testcase classname="backend.tests.test_ferry_schedule.TestFerrySchedule" name="test_update_ferry_schedule_change_times" time="0.542" /><testcase classname="backend.tests.test_ferry_schedule.TestFerrySchedule" name="test_update_ferry_schedule_unauthorized" time="0.491" /><testcase classname="backend.tests.test_ferry_schedule.TestFerrySchedule" name="test_update_ferry_schedule_full_week" time="0.596" /></testsuite></testsuites>