<?xml version="1.0" encoding="utf-8"?><testsuites name="pytest tests"><testsuite name="pytest" errors="0" failures="0" skipped="0" tests="13" time="8.001" timestamp="2026-02-27T00:59:57.068925+00:00" hostname="agent-env-cf9e6b54-ce92-4ce5-980a-3ea9414d4909"><testcase classname="backend.tests.test_organizer_dashboard.TestOrganizerAuthentication" name="test_organizer_login" time="0.486" /><testcase classname="backend.tests.test_organizer_dashboard.TestOrganizerDashboard" name="test_organizer_stats" time="0.512" /><testcase classname="backend.tests.test_organizer_dashboard.TestSalesChart" name="test_sales_chart_7_days" time="0.491" /><testcase classname="backend.tests.test_organizer_dashboard.TestSalesChart" name="test_sales_chart_30_days" time="0.492" /><testcase classname="backend.tests.test_organizer_dashboard.TestParticipantsList" name="test_participants_list" time="0.556" /><testcase classname="backend.tests.test_organizer_dashboard.TestParticipantsList" name="test_participants_search" time="0.495" /><testcase classname="backend.tests.test_organizer_dashboard.TestParticipantsList" name="test_participants_csv_export" time="0.558" /><testcase classname="backend.tests.test_organizer_dashboard.TestOrganizerFinances" name="test_finances_summary" time="0.736" /><testcase classname="backend.tests.test_organizer_dashboard.TestOrganizerFinances" name="test_withdrawal_request_dmoney" time="0.823" /><testcase classname="backend.tests.test_organizer_dashboard.TestOrganizerFinances" name="test_withdrawal_request_waafi" time="0.718" /><testcase classname="backend.tests.test_organizer_dashboard.TestOrganizerFinances" name="test_withdrawal_request_bank_transfer" time="0.851" /><testcase classname="backend.tests.test_organizer_dashboard.TestOrganizerFinances" name="test_withdrawal_minimum_amount" time="0.570" /><testcase classname="backend.tests.test_organizer_dashboard.TestOrganizerEvents" name="test_organizer_events_list" time="0.510" /></testsuite></testsuites>