<?xml version="1.0" encoding="utf-8"?><testsuites name="pytest tests"><testsuite name="pytest" errors="0" failures="0" skipped="0" tests="15" time="8.703" timestamp="2026-02-16T23:30:20.375311+00:00" hostname="agent-env-cf9e6b54-ce92-4ce5-980a-3ea9414d4909"><testcase classname="backend.tests.test_payment_logos_train_ferry.TestHealthCheck" name="test_api_root" time="0.396" /><testcase classname="backend.tests.test_payment_logos_train_ferry.TestTrainAPI" name="test_train_trips_even_day" time="0.125" /><testcase classname="backend.tests.test_payment_logos_train_ferry.TestTrainAPI" name="test_train_trips_odd_day" time="0.222" /><testcase classname="backend.tests.test_payment_logos_train_ferry.TestTrainAPI" name="test_train_trips_holiday" time="0.197" /><testcase classname="backend.tests.test_payment_logos_train_ferry.TestFerryAPI" name="test_ferry_trips_tadjoura_route" time="0.180" /><testcase classname="backend.tests.test_payment_logos_train_ferry.TestFerryAPI" name="test_ferry_trips_obock_route" time="0.173" /><testcase classname="backend.tests.test_payment_logos_train_ferry.TestFerryAPI" name="test_ferry_trips_no_service_monday" time="0.130" /><testcase classname="backend.tests.test_payment_logos_train_ferry.TestAuthAndBooking" name="test_organizer_login" time="0.419" /><testcase classname="backend.tests.test_payment_logos_train_ferry.TestAuthAndBooking" name="test_train_booking" time="0.953" /><testcase classname="backend.tests.test_payment_logos_train_ferry.TestAuthAndBooking" name="test_ferry_booking" time="0.674" /><testcase classname="backend.tests.test_payment_logos_train_ferry.TestTicketViewAndPDF" name="test_ticket_view_with_qr_and_whatsapp" time="1.033" /><testcase classname="backend.tests.test_payment_logos_train_ferry.TestTicketViewAndPDF" name="test_ticket_pdf_download" time="1.010" /><testcase classname="backend.tests.test_payment_logos_train_ferry.TestPaymentMethods" name="test_waafi_payment_method" time="1.542" /><testcase classname="backend.tests.test_payment_logos_train_ferry.TestPaymentMethods" name="test_dmoney_payment_method" time="0.635" /><testcase classname="backend.tests.test_payment_logos_train_ferry.TestPaymentMethods" name="test_cacbank_payment_method" time="0.864" /></testsuite></testsuites>